<?xml version="1.0" encoding="UTF-8"?>
<testsuite xmlns:xsi="http://www.w3.org/2001/XMLSchema-instance" xsi:noNamespaceSchemaLocation="https://maven.apache.org/surefire/maven-surefire-plugin/xsd/surefire-test-report.xsd" name="projectOne.ProjectOneTests" time="0.036" tests="35" errors="0" skipped="0" failures="0">
  <properties>
[...]
</properties>
  <testcase name="diningAccountElseIf" classname="projectOne.ProjectOneTests" time="0.002"/>
  <testcase name="tuitionTestIf" classname="projectOne.ProjectOneTests" time="0"/>
  <testcase name="constructorTest" classname="projectOne.ProjectOneTests" time="0"/>
  <testcase name="balanceOverride" classname="projectOne.ProjectOneTests" time="0"/>
  <testcase name="endOfMonthIntTest" classname="projectOne.ProjectOneTests" time="0"/>
  <testcase name="addressTest" classname="projectOne.ProjectOneTests" time="0"/>
  <testcase name="diningAccountIf" classname="projectOne.ProjectOneTests" time="0"/>
  <testcase name="tuitionTestElseIf" classname="projectOne.ProjectOneTests" time="0.001"/>
  <testcase name="overdueAccountTests" classname="projectOne.ProjectOneTests" time="0"/>
  <testcase name="interestRateTest" classname="projectOne.ProjectOneTests" time="0"/>
  <testcase name="creditTest" classname="projectOne.ProjectOneTests" time="0"/>
  <testcase name="testAllBranches" classname="projectOne.ProjectOneTests" time="0"/>
  <testcase name="balanceTest" classname="projectOne.ProjectOneTests" time="0"/>
  <testcase name="amountPaidTest" classname="projectOne.ProjectOneTests" time="0"/>
  <testcase name="libSimpleTest" classname="projectOne.ProjectOneTests" time="0"/>
  <testcase name="creditError" classname="projectOne.ProjectOneTests" time="0.001"/>
  <testcase name="canBorrowTest" classname="projectOne.ProjectOneTests" time="0"/>
  <testcase name="endOfMonthTest" classname="projectOne.ProjectOneTests" time="0"/>
  <testcase name="libSignatureTest" classname="projectOne.ProjectOneTests" time="0"/>
  <testcase name="overdueDecrementTest" classname="projectOne.ProjectOneTests" time="0"/>
  <testcase name="accConstructorTest" classname="projectOne.ProjectOneTests" time="0"/>
  <testcase name="setterOverdueTests" classname="projectOne.ProjectOneTests" time="0"/>
  <testcase name="diningGetSet" classname="projectOne.ProjectOneTests" time="0"/>
  <testcase name="overCredit" classname="projectOne.ProjectOneTests" time="0"/>
  <testcase name="chargeOverrideElse" classname="projectOne.ProjectOneTests" time="0"/>
  <testcase name="endOfDayTest" classname="projectOne.ProjectOneTests" time="0.001"/>
  <testcase name="chargeTest" classname="projectOne.ProjectOneTests" time="0"/>
  <testcase name="monthlyPaymentTest" classname="projectOne.ProjectOneTests" time="0"/>
  <testcase name="libraryAccountElseIf" classname="projectOne.ProjectOneTests" time="0"/>
  <testcase name="libraryAccountNone" classname="projectOne.ProjectOneTests" time="0"/>
  <testcase name="libraryAccountIf" classname="projectOne.ProjectOneTests" time="0"/>
  <testcase name="chargeOverrideIf" classname="projectOne.ProjectOneTests" time="0"/>
  <testcase name="tuitionGetSet" classname="projectOne.ProjectOneTests" time="0"/>
  <testcase name="diningAccountNone" classname="projectOne.ProjectOneTests" time="0"/>
  <testcase name="libraryGetSet" classname="projectOne.ProjectOneTests" time="0"/>
</testsuite>