<?xml version="1.0" encoding="UTF-8"?>
<testsuite xmlns:xsi="http://www.w3.org/2001/XMLSchema-instance" xsi:noNamespaceSchemaLocation="https://maven.apache.org/surefire/maven-surefire-plugin/xsd/surefire-test-report.xsd" name="projectFour.SlideGameTest" time="0.028" tests="21" errors="0" skipped="0" failures="0">
  <properties>
[...]
</properties>
  <testcase name="setPositionTest" classname="projectFour.SlideGameTest" time="0"/>
  <testcase name="flipHorizontalTest" classname="projectFour.SlideGameTest" time="0"/>
  <testcase name="transposeTest" classname="projectFour.SlideGameTest" time="0"/>
  <testcase name="gameBoardTest" classname="projectFour.SlideGameTest" time="0"/>
  <testcase name="slideLeftTest" classname="projectFour.SlideGameTest" time="0"/>
  <testcase name="flipVerticalTest" classname="projectFour.SlideGameTest" time="0"/>
  <testcase name="slideRightTest" classname="projectFour.SlideGameTest" time="0"/>
  <testcase name="randomIndexTest" classname="projectFour.SlideGameTest" time="0"/>
  <testcase name="mergeRowRightTest" classname="projectFour.SlideGameTest" time="0"/>
  <testcase name="mergeDownTest" classname="projectFour.SlideGameTest" time="0"/>
  <testcase name="mergeRowLeftTest" classname="projectFour.SlideGameTest" time="0"/>
  <testcase name="mergeUpTest" classname="projectFour.SlideGameTest" time="0"/>
  <testcase name="mergeBottomRightTest" classname="projectFour.SlideGameTest" time="0"/>
  <testcase name="mergeTopLeftTest" classname="projectFour.SlideGameTest" time="0"/>
  <testcase name="copyBoardTest" classname="projectFour.SlideGameTest" time="0"/>
  <testcase name="mergeBottomLeftTest" classname="projectFour.SlideGameTest" time="0"/>
  <testcase name="mergeTopRightTest" classname="projectFour.SlideGameTest" time="0"/>
  <testcase name="diagonalExtractorTest" classname="projectFour.SlideGameTest" time="0"/>
  <testcase name="boardDimTest" classname="projectFour.SlideGameTest" time="0"/>
  <testcase name="parseArgsTest" classname="projectFour.SlideGameTest" time="0"/>
  <testcase name="diagonalReconstructorTest" classname="projectFour.SlideGameTest" time="0"/>
</testsuite>